2024-06-10 14:55:51.743  INFO 22416 --- [main] com.bbs.AdminApplication                 : Starting AdminApplication using Java 20.0.2 on LAPTOP-DFN2AMK7 with PID 22416 (E:\百度网盘\bbs-master(1)\bbs-master\bbs\bbs-admin\target\classes started by LZX in E:\百度网盘\bbs-master(1)\bbs-master)
2024-06-10 14:55:51.747  INFO 22416 --- [main] com.bbs.AdminApplication                 : No active profile set, falling back to default profiles: default
2024-06-10 14:55:52.551  INFO 22416 --- [main] o.s.b.w.embedded.tomcat.TomcatWebServer  : Tomcat initialized with port(s): 8081 (http)
2024-06-10 14:55:52.561  INFO 22416 --- [main] o.apache.catalina.core.StandardService   : Starting service [Tomcat]
2024-06-10 14:55:52.562  INFO 22416 --- [main] org.apache.catalina.core.StandardEngine  : Starting Servlet engine: [Apache Tomcat/9.0.41]
2024-06-10 14:55:52.670  INFO 22416 --- [main] o.a.c.c.C.[Tomcat].[localhost].[/admin]  : Initializing Spring embedded WebApplicationContext
2024-06-10 14:55:52.671  INFO 22416 --- [main] w.s.c.ServletWebServerApplicationContext : Root WebApplicationContext: initialization completed in 884 ms
2024-06-10 14:55:53.125  INFO 22416 --- [main] com.bbs.common.service.ImageService      : 图片路径不存在
2024-06-10 14:55:53.127  INFO 22416 --- [main] com.bbs.common.service.ImageService      : 图片路径创建成功
2024-06-10 14:55:53.259  INFO 22416 --- [main] o.s.s.concurrent.ThreadPoolTaskExecutor  : Initializing ExecutorService 'applicationTaskExecutor'
2024-06-10 14:55:53.493  INFO 22416 --- [main] o.s.b.w.embedded.tomcat.TomcatWebServer  : Tomcat started on port(s): 8081 (http) with context path '/admin'
2024-06-10 14:55:53.502  INFO 22416 --- [main] com.bbs.AdminApplication                 : Started AdminApplication in 2.058 seconds (JVM running for 2.935)
2024-06-10 14:58:20.366  INFO 22416 --- [http-nio-8081-exec-1] o.a.c.c.C.[Tomcat].[localhost].[/admin]  : Initializing Spring DispatcherServlet 'dispatcherServlet'
2024-06-10 14:58:20.367  INFO 22416 --- [http-nio-8081-exec-1] o.s.web.servlet.DispatcherServlet        : Initializing Servlet 'dispatcherServlet'
2024-06-10 14:58:20.368  INFO 22416 --- [http-nio-8081-exec-1] o.s.web.servlet.DispatcherServlet        : Completed initialization in 1 ms
2024-06-10 14:58:47.126  WARN 22416 --- [http-nio-8081-exec-8] c.b.m.c.t.support.ReflectLambdaMeta      : Unable to make field private final java.lang.Class java.lang.invoke.SerializedLambda.capturingClass accessible: module java.base does not "opens java.lang.invoke" to unnamed module @6572421
2024-06-10 14:58:47.145  INFO 22416 --- [http-nio-8081-exec-8] com.zaxxer.hikari.HikariDataSource       : HikariPool-1 - Starting...
2024-06-10 14:58:47.321  INFO 22416 --- [http-nio-8081-exec-8] com.zaxxer.hikari.HikariDataSource       : HikariPool-1 - Start completed.
2024-06-10 15:03:36.439  INFO 22416 --- [SpringContextShutdownHook] o.s.s.concurrent.ThreadPoolTaskExecutor  : Shutting down ExecutorService 'applicationTaskExecutor'
2024-06-10 15:03:36.449  INFO 22416 --- [SpringContextShutdownHook] com.zaxxer.hikari.HikariDataSource       : HikariPool-1 - Shutdown initiated...
2024-06-10 15:03:36.482  INFO 22416 --- [SpringContextShutdownHook] com.zaxxer.hikari.HikariDataSource       : HikariPool-1 - Shutdown completed.
