2024-06-10 14:56:06.971  INFO 24116 --- [main] com.bbs.WebApplication                   : Starting WebApplication using Java 20.0.2 on LAPTOP-DFN2AMK7 with PID 24116 (E:\百度网盘\bbs-master(1)\bbs-master\bbs\bbs-web\target\classes started by LZX in E:\百度网盘\bbs-master(1)\bbs-master)
2024-06-10 14:56:06.974  INFO 24116 --- [main] com.bbs.WebApplication                   : No active profile set, falling back to default profiles: default
2024-06-10 14:56:07.744  INFO 24116 --- [main] o.s.b.w.embedded.tomcat.TomcatWebServer  : Tomcat initialized with port(s): 8082 (http)
2024-06-10 14:56:07.753  INFO 24116 --- [main] o.apache.catalina.core.StandardService   : Starting service [Tomcat]
2024-06-10 14:56:07.753  INFO 24116 --- [main] org.apache.catalina.core.StandardEngine  : Starting Servlet engine: [Apache Tomcat/9.0.41]
2024-06-10 14:56:07.835  INFO 24116 --- [main] o.a.c.c.C.[Tomcat].[localhost].[/web]    : Initializing Spring embedded WebApplicationContext
2024-06-10 14:56:07.836  INFO 24116 --- [main] w.s.c.ServletWebServerApplicationContext : Root WebApplicationContext: initialization completed in 821 ms
2024-06-10 14:56:08.252  INFO 24116 --- [main] com.bbs.common.service.ImageService      : 图片路径存在
2024-06-10 14:56:08.344  INFO 24116 --- [main] o.s.s.concurrent.ThreadPoolTaskExecutor  : Initializing ExecutorService 'applicationTaskExecutor'
2024-06-10 14:56:08.547  INFO 24116 --- [main] o.s.b.w.embedded.tomcat.TomcatWebServer  : Tomcat started on port(s): 8082 (http) with context path '/web'
2024-06-10 14:56:08.554  INFO 24116 --- [main] com.bbs.WebApplication                   : Started WebApplication in 1.913 seconds (JVM running for 2.604)
2024-06-10 14:59:05.615  INFO 24116 --- [http-nio-8082-exec-1] o.a.c.c.C.[Tomcat].[localhost].[/web]    : Initializing Spring DispatcherServlet 'dispatcherServlet'
2024-06-10 14:59:05.616  INFO 24116 --- [http-nio-8082-exec-1] o.s.web.servlet.DispatcherServlet        : Initializing Servlet 'dispatcherServlet'
2024-06-10 14:59:05.618  INFO 24116 --- [http-nio-8082-exec-1] o.s.web.servlet.DispatcherServlet        : Completed initialization in 2 ms
2024-06-10 14:59:14.344  WARN 24116 --- [http-nio-8082-exec-4] c.b.m.c.t.support.ReflectLambdaMeta      : Unable to make field private final java.lang.Class java.lang.invoke.SerializedLambda.capturingClass accessible: module java.base does not "opens java.lang.invoke" to unnamed module @6572421
2024-06-10 14:59:14.369  INFO 24116 --- [http-nio-8082-exec-4] com.zaxxer.hikari.HikariDataSource       : HikariPool-1 - Starting...
2024-06-10 14:59:14.519  INFO 24116 --- [http-nio-8082-exec-4] com.zaxxer.hikari.HikariDataSource       : HikariPool-1 - Start completed.
2024-06-10 15:03:36.324  INFO 24116 --- [SpringContextShutdownHook] o.s.s.concurrent.ThreadPoolTaskExecutor  : Shutting down ExecutorService 'applicationTaskExecutor'
2024-06-10 15:03:36.330  INFO 24116 --- [SpringContextShutdownHook] com.zaxxer.hikari.HikariDataSource       : HikariPool-1 - Shutdown initiated...
2024-06-10 15:03:36.364  INFO 24116 --- [SpringContextShutdownHook] com.zaxxer.hikari.HikariDataSource       : HikariPool-1 - Shutdown completed.
